<?xml version="1.0" encoding="UTF-8"?>
<!-- Generated by org.testng.reporters.JUnitXMLReporter -->
<testsuite ignored="1" hostname="SRINIVAS-G2005" failures="0" tests="1" name="Default test" time="10.617" errors="0" timestamp="2025-03-24T06:52:11 IST">
  <testcase classname="JQueyScript_PriceSlider.PriceRangeSlider" name="byUpdatingValues" time="0.19"/>
  <testcase classname="JQueyScript_PriceSlider.PriceRangeSlider" name="priceRangeSlider" time="0.0">
    <ignored/>
  </testcase> <!-- priceRangeSlider -->
</testsuite> <!-- Default test -->
