<?xml version="1.0" encoding="UTF-8"?>
<!-- Generated by org.testng.reporters.JUnitXMLReporter -->
<testsuite ignored="0" hostname="SRINIVAS-G2005" failures="0" tests="3" name="Default test" time="7.686" errors="0" timestamp="2025-03-23T20:20:26 IST">
  <testcase classname="demoJQueryMobile.HandlingSlider" name="basicSlider" time="0.519"/>
  <testcase classname="demoJQueryMobile.HandlingSlider" name="highlightSlider" time="0.064"/>
  <testcase classname="demoJQueryMobile.HandlingSlider" name="stepAttributeSlider" time="0.057"/>
</testsuite> <!-- Default test -->
