<?xml version="1.0" encoding="UTF-8"?>
<testng-results ignored="0" total="3" passed="3" failed="0" skipped="0">
  <reporter-output>
  </reporter-output>
  <suite started-at="2025-03-23T20:20:18 IST" name="Default suite" finished-at="2025-03-23T20:20:26 IST" duration-ms="7686">
    <groups>
    </groups>
    <test started-at="2025-03-23T20:20:18 IST" name="Default test" finished-at="2025-03-23T20:20:26 IST" duration-ms="7686">
      <class name="demoJQueryMobile.HandlingSlider">
        <test-method is-config="true" signature="setUp()[pri:0, instance:demoJQueryMobile.HandlingSlider@4afcd809]" started-at="2025-03-23T20:20:18 IST" name="setUp" finished-at="2025-03-23T20:20:25 IST" duration-ms="6561" status="PASS">
          <reporter-output>
          </reporter-output>
        </test-method> <!-- setUp -->
        <test-method signature="basicSlider()[pri:0, instance:demoJQueryMobile.HandlingSlider@4afcd809]" started-at="2025-03-23T20:20:25 IST" name="basicSlider" finished-at="2025-03-23T20:20:26 IST" duration-ms="519" status="PASS">
          <reporter-output>
          </reporter-output>
        </test-method> <!-- basicSlider -->
        <test-method signature="highlightSlider()[pri:0, instance:demoJQueryMobile.HandlingSlider@4afcd809]" started-at="2025-03-23T20:20:26 IST" name="highlightSlider" finished-at="2025-03-23T20:20:26 IST" duration-ms="64" status="PASS">
          <reporter-output>
          </reporter-output>
        </test-method> <!-- highlightSlider -->
        <test-method signature="stepAttributeSlider()[pri:0, instance:demoJQueryMobile.HandlingSlider@4afcd809]" started-at="2025-03-23T20:20:26 IST" name="stepAttributeSlider" finished-at="2025-03-23T20:20:26 IST" duration-ms="57" status="PASS">
          <reporter-output>
          </reporter-output>
        </test-method> <!-- stepAttributeSlider -->
        <test-method is-config="true" signature="tearDown()[pri:0, instance:demoJQueryMobile.HandlingSlider@4afcd809]" started-at="2025-03-23T20:20:26 IST" name="tearDown" finished-at="2025-03-23T20:20:26 IST" duration-ms="393" status="PASS">
          <reporter-output>
          </reporter-output>
        </test-method> <!-- tearDown -->
      </class> <!-- demoJQueryMobile.HandlingSlider -->
    </test> <!-- Default test -->
  </suite> <!-- Default suite -->
</testng-results>
