<?xml version="1.0" encoding="UTF-8"?>
<testng-results ignored="0" total="3" passed="3" failed="0" skipped="0">
  <reporter-output>
  </reporter-output>
  <suite started-at="2025-03-24T06:10:08 IST" name="Default suite" finished-at="2025-03-24T06:10:15 IST" duration-ms="6999">
    <groups>
    </groups>
    <test started-at="2025-03-24T06:10:08 IST" name="Default test" finished-at="2025-03-24T06:10:15 IST" duration-ms="6999">
      <class name="demoJQueryMobile.HandlingSlider">
        <test-method is-config="true" signature="setUp()[pri:0, instance:demoJQueryMobile.HandlingSlider@4afcd809]" started-at="2025-03-24T06:10:08 IST" name="setUp" finished-at="2025-03-24T06:10:12 IST" duration-ms="4192" status="PASS">
          <reporter-output>
          </reporter-output>
        </test-method> <!-- setUp -->
        <test-method signature="basicSlider()[pri:0, instance:demoJQueryMobile.HandlingSlider@4afcd809]" started-at="2025-03-24T06:10:12 IST" name="basicSlider" finished-at="2025-03-24T06:10:13 IST" duration-ms="885" status="PASS">
          <reporter-output>
          </reporter-output>
        </test-method> <!-- basicSlider -->
        <test-method signature="no_highlightSlider()[pri:0, instance:demoJQueryMobile.HandlingSlider@4afcd809]" started-at="2025-03-24T06:10:13 IST" name="no_highlightSlider" finished-at="2025-03-24T06:10:14 IST" duration-ms="835" status="PASS">
          <reporter-output>
          </reporter-output>
        </test-method> <!-- no_highlightSlider -->
        <test-method signature="stepAttributeSlider()[pri:0, instance:demoJQueryMobile.HandlingSlider@4afcd809]" started-at="2025-03-24T06:10:14 IST" name="stepAttributeSlider" finished-at="2025-03-24T06:10:15 IST" duration-ms="870" status="PASS">
          <reporter-output>
          </reporter-output>
        </test-method> <!-- stepAttributeSlider -->
        <test-method is-config="true" signature="tearDown()[pri:0, instance:demoJQueryMobile.HandlingSlider@4afcd809]" started-at="2025-03-24T06:10:15 IST" name="tearDown" finished-at="2025-03-24T06:10:15 IST" duration-ms="175" status="PASS">
          <reporter-output>
          </reporter-output>
        </test-method> <!-- tearDown -->
      </class> <!-- demoJQueryMobile.HandlingSlider -->
    </test> <!-- Default test -->
  </suite> <!-- Default suite -->
</testng-results>
